===============================================
PART A & B: INSTRUCTION PROFILE & CPI
===============================================
Total Profiled (Denominator): 1623368699
Calculated CPI: 27.4958
-----------------------------------------------
1. Loads                 : 547670708    (33.74%)
2. Stores                : 75698954     (4.66%)
3. NOPs                  : 34317        (0.00%)
4. Direct calls          : 144578       (0.01%)
5. Indirect calls        : 937          (0.00%)
6. Returns               : 145515       (0.01%)
7. Uncond branches       : 205820       (0.01%)
8. Cond branches         : 144361299    (8.89%)
9. Logical ops           : 1158481      (0.07%)
10. Rotate/Shift         : 294092       (0.02%)
11. Flag ops             : 5648         (0.00%)
12. Vector (AVX)         : 0            (0.00%)
13. Cond moves           : 0            (0.00%)
14. MMX/SSE              : 0            (0.00%)
15. System calls         : 0            (0.00%)
16. Floating-point       : 40212        (0.00%)
17. The rest             : 853608138    (52.58%)

===============================================
PART C: MEMORY FOOTPRINT (32-BYTE CHUNKS)
===============================================
Instruction Footprint (Bytes) : 14688
Instr Accesses (Single Chunk) : 927512793
Instr Accesses (Multi Chunk)  : 72487207
-----------------------------------------------
Data Footprint (Bytes)        : 2730624
Data Accesses (Single Chunk)  : 623356134
Data Accesses (Multi Chunk)   : 1009

===============================================
PART D: ia32 ISA PROPERTIES
===============================================
[D.1] Instruction Length Distribution:
  1 bytes: 25078002
  2 bytes: 302860509
  3 bytes: 296150629
  4 bytes: 270389363
  5 bytes: 24861171
  6 bytes: 68360488
  7 bytes: 416472
  8 bytes: 11883366

[D.2] Operand Count Distribution:
  0 operands: 34887
  1 operands: 3491
  2 operands: 566127531
  3 operands: 432938132
  4 operands: 712697
  5 operands: 159485
  6 operands: 23777

[D.3] Instrs with 2 Reg Read Operands : 562398617
[D.4] Instrs with 1 Reg Write Operand : 755279828
[D.5] Instrs with 3 Memory Operands   : 0
[D.6] Instrs with 1 Memory Read Op    : 547662825
[D.7] Instrs with 2 Memory Write Ops  : 0
[D.8] Max Mem Bytes Touched per Instr : 8
[D.8] Avg Mem Bytes Touched per Instr : 4.00
[D.9] Max Immediate Value             : 2147483647
[D.9] Min Immediate Value             : -987654321
[D.10] Max Displacement Value         : 135294312
[D.10] Min Displacement Value         : -580
===============================================
