===============================================
PART A & B: INSTRUCTION PROFILE & CPI
===============================================
Total Profiled (Denominator): 1503070167
Calculated CPI: 24.1106
-----------------------------------------------
1. Loads                 : 353547472    (23.52%)
2. Stores                : 149885739    (9.97%)
3. NOPs                  : 29285538     (1.95%)
4. Direct calls          : 10081996     (0.67%)
5. Indirect calls        : 8908264      (0.59%)
6. Returns               : 18980867     (1.26%)
7. Uncond branches       : 6598344      (0.44%)
8. Cond branches         : 201217249    (13.39%)
9. Logical ops           : 30928984     (2.06%)
10. Rotate/Shift         : 4330953      (0.29%)
11. Flag ops             : 1280391      (0.09%)
12. Vector (AVX)         : 0            (0.00%)
13. Cond moves           : 0            (0.00%)
14. MMX/SSE              : 0            (0.00%)
15. System calls         : 0            (0.00%)
16. Floating-point       : 5594327      (0.37%)
17. The rest             : 682430043    (45.40%)

===============================================
PART C: MEMORY FOOTPRINT (32-BYTE CHUNKS)
===============================================
Instruction Footprint (Bytes) : 73088
Instr Accesses (Single Chunk) : 972559562
Instr Accesses (Multi Chunk)  : 27440438
-----------------------------------------------
Data Footprint (Bytes)        : 33358912
Data Accesses (Single Chunk)  : 497962237
Data Accesses (Multi Chunk)   : 2807199

===============================================
PART D: ia32 ISA PROPERTIES
===============================================
[D.1] Instruction Length Distribution:
  1 bytes: 141832813
  2 bytes: 346764413
  3 bytes: 441414016
  4 bytes: 25550448
  5 bytes: 19233925
  6 bytes: 18985515
  7 bytes: 5930049
  8 bytes: 196770
  9 bytes: 44238
  10 bytes: 47813

[D.2] Operand Count Distribution:
  0 operands: 29285538
  1 operands: 576411
  2 operands: 395834460
  3 operands: 447213932
  4 operands: 83714905
  5 operands: 20477969
  6 operands: 22896785

[D.3] Instrs with 2 Reg Read Operands : 433211372
[D.4] Instrs with 1 Reg Write Operand : 699290762
[D.5] Instrs with 3 Memory Operands   : 0
[D.6] Instrs with 1 Memory Read Op    : 351757008
[D.7] Instrs with 2 Memory Write Ops  : 0
[D.8] Max Mem Bytes Touched per Instr : 8
[D.8] Avg Mem Bytes Touched per Instr : 4.24
[D.9] Max Immediate Value             : 2147483647
[D.9] Min Immediate Value             : -1431655765
[D.10] Max Displacement Value         : 139657912
[D.10] Min Displacement Value         : -1392
===============================================
