===============================================
PART A & B: INSTRUCTION PROFILE & CPI
===============================================
Total Profiled (Denominator): 1645498654
Calculated CPI: 28.0674
-----------------------------------------------
1. Loads                 : 548737212    (33.35%)
2. Stores                : 96761442     (5.88%)
3. NOPs                  : 3005         (0.00%)
4. Direct calls          : 3172059      (0.19%)
5. Indirect calls        : 93           (0.00%)
6. Returns               : 3172152      (0.19%)
7. Uncond branches       : 11898312     (0.72%)
8. Cond branches         : 103543443    (6.29%)
9. Logical ops           : 14482277     (0.88%)
10. Rotate/Shift         : 10789708     (0.66%)
11. Flag ops             : 22138909     (1.35%)
12. Vector (AVX)         : 0            (0.00%)
13. Cond moves           : 0            (0.00%)
14. MMX/SSE              : 0            (0.00%)
15. System calls         : 0            (0.00%)
16. Floating-point       : 310014623    (18.84%)
17. The rest             : 520785419    (31.65%)

===============================================
PART C: MEMORY FOOTPRINT (32-BYTE CHUNKS)
===============================================
Instruction Footprint (Bytes) : 20640
Instr Accesses (Single Chunk) : 935304811
Instr Accesses (Multi Chunk)  : 64695189
-----------------------------------------------
Data Footprint (Bytes)        : 181075456
Data Accesses (Single Chunk)  : 490321134
Data Accesses (Multi Chunk)   : 5003216

===============================================
PART D: ia32 ISA PROPERTIES
===============================================
[D.1] Instruction Length Distribution:
  1 bytes: 78255323
  2 bytes: 439805132
  3 bytes: 400890563
  4 bytes: 16033514
  5 bytes: 3208447
  6 bytes: 40041992
  7 bytes: 17830443
  8 bytes: 3934586

[D.2] Operand Count Distribution:
  0 operands: 3005
  1 operands: 11
  2 operands: 411369692
  3 operands: 396578659
  4 operands: 188850611
  5 operands: 3198022

[D.3] Instrs with 2 Reg Read Operands : 580828801
[D.4] Instrs with 1 Reg Write Operand : 764199840
[D.5] Instrs with 3 Memory Operands   : 0
[D.6] Instrs with 1 Memory Read Op    : 416538849
[D.7] Instrs with 2 Memory Write Ops  : 0
[D.8] Max Mem Bytes Touched per Instr : 8
[D.8] Avg Mem Bytes Touched per Instr : 5.28
[D.9] Max Immediate Value             : 2147483647
[D.9] Min Immediate Value             : -640172613
[D.10] Max Displacement Value         : 135855532
[D.10] Min Displacement Value         : -344
===============================================
